{
  "RSpec": {
    "coverage": {
      "/home/ubuntu/workspace/Group8/trailweathertracker/app/helpers/application_helper.rb": [
        1,
        null
      ],
      "/home/ubuntu/workspace/Group8/trailweathertracker/app/helpers/trails_helper.rb": [
        1,
        null
      ],
      "/home/ubuntu/workspace/Group8/trailweathertracker/app/controllers/trails_controller.rb": [
        1,
        1,
        1,
        null,
        null,
        null,
        1,
        5,
        null,
        null,
        null,
        null,
        null,
        null,
        null,
        null,
        null,
        null,
        null,
        null,
        null,
        null,
        null,
        null,
        null,
        null,
        null,
        null,
        null,
        5,
        null,
        null,
        null,
        5,
        5,
        5,
        5,
        5,
        null,
        null,
        5,
        5,
        5,
        5,
        null,
        null,
        5,
        null,
        2,
        null,
        null,
        2,
        0,
        null,
        null,
        null,
        null,
        null,
        null,
        null,
        null,
        null,
        null,
        null,
        2,
        2,
        2,
        2,
        2,
        null,
        null,
        2,
        0,
        null,
        null,
        null,
        2,
        1,
        1,
        0,
        null,
        0,
        null,
        0,
        null,
        null,
        null,
        2,
        null,
        null,
        null,
        null,
        null,
        null,
        null,
        null,
        null,
        null,
        null,
        null,
        null,
        null,
        null,
        null,
        null,
        null,
        null,
        null,
        null,
        null,
        null,
        null,
        2,
        null,
        null,
        null,
        null,
        3,
        null,
        null,
        5,
        1,
        null,
        4,
        null,
        null,
        null,
        5,
        null,
        null,
        null,
        null,
        1,
        11,
        1,
        null,
        10,
        10,
        10,
        10,
        null,
        null,
        null,
        null,
        null,
        null,
        null,
        null,
        null,
        null,
        null,
        null,
        null,
        null,
        null,
        null,
        null,
        null,
        null,
        null,
        null,
        null,
        null,
        null,
        1,
        15,
        15,
        2,
        13,
        3,
        10,
        1,
        null,
        9,
        null,
        null,
        null,
        1,
        8,
        6,
        2,
        4,
        2,
        2,
        2,
        null,
        null,
        2,
        null,
        null,
        null,
        null,
        null,
        1,
        7,
        7,
        7,
        7,
        null,
        7,
        1,
        null,
        null,
        7,
        7,
        7,
        7,
        7,
        7,
        7,
        null,
        null,
        null,
        null,
        7,
        7,
        7,
        7,
        7,
        7,
        0,
        null,
        0,
        null,
        0,
        null,
        null,
        7,
        2,
        2,
        1,
        null,
        null,
        7,
        null,
        null,
        null,
        1,
        1,
        null,
        null,
        null,
        1,
        null,
        null,
        null,
        null,
        1,
        3,
        null,
        3,
        3,
        6,
        3,
        null,
        0,
        0,
        null,
        null,
        null,
        null,
        null,
        null,
        1,
        3,
        3,
        6,
        3,
        null,
        0,
        0,
        null,
        null,
        null,
        null,
        null,
        null,
        1,
        2,
        2,
        4,
        2,
        null,
        null,
        null,
        1,
        null,
        null,
        null,
        1,
        null,
        1,
        13,
        null,
        null,
        null,
        1,
        6,
        null,
        null,
        null
      ],
      "/home/ubuntu/workspace/Group8/trailweathertracker/app/controllers/application_controller.rb": [
        1,
        null,
        null,
        1,
        null
      ],
      "/home/ubuntu/workspace/Group8/trailweathertracker/app/models/trail.rb": [
        1,
        null,
        1,
        2,
        2,
        null,
        0,
        null,
        null,
        null
      ]
    },
    "timestamp": 1493614043
  },
  "Cucumber Features": {
    "coverage": {
      "/home/ubuntu/workspace/Group8/trailweathertracker/app/models/trail.rb": [
        1,
        null,
        1,
        5,
        5,
        null,
        0,
        null,
        null,
        null
      ],
      "/home/ubuntu/workspace/Group8/trailweathertracker/app/controllers/trails_controller.rb": [
        1,
        1,
        1,
        null,
        null,
        null,
        1,
        18,
        null,
        null,
        null,
        null,
        null,
        null,
        null,
        null,
        null,
        null,
        null,
        null,
        null,
        null,
        null,
        null,
        null,
        null,
        null,
        null,
        null,
        18,
        null,
        null,
        null,
        18,
        18,
        18,
        18,
        18,
        null,
        null,
        18,
        18,
        18,
        18,
        null,
        null,
        18,
        null,
        2,
        null,
        null,
        2,
        0,
        null,
        null,
        null,
        null,
        null,
        null,
        null,
        null,
        null,
        null,
        null,
        2,
        2,
        2,
        2,
        2,
        null,
        null,
        2,
        0,
        null,
        null,
        null,
        2,
        1,
        1,
        0,
        null,
        0,
        null,
        0,
        null,
        null,
        null,
        2,
        null,
        null,
        null,
        null,
        null,
        null,
        null,
        null,
        null,
        null,
        null,
        null,
        null,
        null,
        null,
        null,
        null,
        null,
        null,
        null,
        null,
        null,
        null,
        null,
        2,
        null,
        null,
        null,
        null,
        16,
        null,
        null,
        18,
        5,
        null,
        13,
        null,
        null,
        null,
        18,
        null,
        null,
        null,
        null,
        1,
        15,
        0,
        null,
        15,
        15,
        15,
        15,
        null,
        null,
        null,
        null,
        null,
        null,
        null,
        null,
        null,
        null,
        null,
        null,
        null,
        null,
        null,
        null,
        null,
        null,
        null,
        null,
        null,
        null,
        null,
        null,
        1,
        14,
        14,
        0,
        14,
        0,
        14,
        0,
        null,
        14,
        null,
        null,
        null,
        1,
        18,
        3,
        1,
        2,
        1,
        1,
        1,
        null,
        null,
        15,
        null,
        null,
        null,
        null,
        null,
        1,
        13,
        13,
        13,
        13,
        null,
        13,
        1,
        null,
        null,
        13,
        13,
        13,
        13,
        13,
        13,
        13,
        null,
        null,
        null,
        null,
        13,
        13,
        13,
        13,
        13,
        13,
        0,
        null,
        0,
        null,
        0,
        null,
        null,
        13,
        2,
        2,
        1,
        null,
        null,
        13,
        null,
        null,
        null,
        1,
        0,
        null,
        null,
        null,
        1,
        null,
        null,
        null,
        null,
        1,
        0,
        null,
        0,
        0,
        0,
        0,
        null,
        0,
        0,
        null,
        null,
        null,
        null,
        null,
        null,
        1,
        0,
        0,
        0,
        0,
        null,
        0,
        0,
        null,
        null,
        null,
        null,
        null,
        null,
        1,
        0,
        0,
        0,
        0,
        null,
        null,
        null,
        1,
        null,
        null,
        null,
        1,
        null,
        1,
        13,
        null,
        null,
        null,
        1,
        0,
        null,
        null,
        null
      ],
      "/home/ubuntu/workspace/Group8/trailweathertracker/app/controllers/application_controller.rb": [
        1,
        null,
        null,
        1,
        null
      ],
      "/home/ubuntu/workspace/Group8/trailweathertracker/app/helpers/application_helper.rb": [
        1,
        null
      ],
      "/home/ubuntu/workspace/Group8/trailweathertracker/app/helpers/trails_helper.rb": [
        1,
        null
      ]
    },
    "timestamp": 1493618902
  }
}
